<?xml version="1.0" encoding="UTF-8"?>
<!-- Generated by org.testng.reporters.JUnitReportReporter -->
<testsuite hostname="DESKTOP-G40R6I1" failures="0" tests="1" name="Links.Links" time="3.785" errors="0" timestamp="2024-08-01T23:36:22 IST" skipped="0">
  <testcase classname="Links.Links" name="f" time="3.785"/>
  <system-out/>
</testsuite> <!-- Links.Links -->
